# JRE version: Java(TM) SE Runtime Environment (8.0_102-b14) (build 1.8.0_102-b14)
# Java VM: Java HotSpot(TM) 64-Bit Server VM (25.102-b14 mixed mode bsd-amd64 compressed oops)
Heap:
 PSYoungGen      total 76288K, used 19701K [0x00000006eab00000, 0x00000006f0000000, 0x00000007c0000000)
  eden space 65536K, 14% used [0x00000006eab00000,0x00000006eb41ee18,0x00000006eeb00000)
  from space 10752K, 96% used [0x00000006eeb00000,0x00000006ef51e870,0x00000006ef580000)
  to   space 10752K, 0% used [0x00000006ef580000,0x00000006ef580000,0x00000006f0000000)
 ParOldGen       total 175104K, used 30567K [0x0000000540000000, 0x000000054ab00000, 0x00000006eab00000)
  object space 175104K, 17% used [0x0000000540000000,0x0000000541dd9e88,0x000000054ab00000)
 Metaspace       used 19786K, capacity 20828K, committed 20992K, reserved 1067008K
  class space    used 2812K, capacity 3036K, committed 3072K, reserved 1048576K
GC Heap History (6 events):
Event: 2.249 GC heap before
{Heap before GC invocations=1 (full 0):
 PSYoungGen      total 76288K, used 65536K [0x00000006eab00000, 0x00000006f0000000, 0x00000007c0000000)
  eden space 65536K, 100% used [0x00000006eab00000,0x00000006eeb00000,0x00000006eeb00000)
  from space 10752K, 0% used [0x00000006ef580000,0x00000006ef580000,0x00000006f0000000)
  to   space 10752K, 0% used [0x00000006eeb00000,0x00000006eeb00000,0x00000006ef580000)
 ParOldGen       total 175104K, used 0K [0x0000000540000000, 0x000000054ab00000, 0x00000006eab00000)
  object space 175104K, 0% used [0x0000000540000000,0x0000000540000000,0x000000054ab00000)
 Metaspace       used 17072K, capacity 18026K, committed 18176K, reserved 1064960K
  class space    used 2564K, capacity 2765K, committed 2816K, reserved 1048576K
Event: 2.260 GC heap after
Heap after GC invocations=1 (full 0):
 PSYoungGen      total 76288K, used 10751K [0x00000006eab00000, 0x00000006f0000000, 0x00000007c0000000)
  eden space 65536K, 0% used [0x00000006eab00000,0x00000006eab00000,0x00000006eeb00000)
  from space 10752K, 99% used [0x00000006eeb00000,0x00000006ef57fee0,0x00000006ef580000)
  to   space 10752K, 0% used [0x00000006ef580000,0x00000006ef580000,0x00000006f0000000)
 ParOldGen       total 175104K, used 8384K [0x0000000540000000, 0x000000054ab00000, 0x00000006eab00000)
  object space 175104K, 4% used [0x0000000540000000,0x00000005408302a0,0x000000054ab00000)
 Metaspace       used 17072K, capacity 18026K, committed 18176K, reserved 1064960K
  class space    used 2564K, capacity 2765K, committed 2816K, reserved 1048576K
}
Event: 11.936 GC heap before
{Heap before GC invocations=2 (full 0):
 PSYoungGen      total 76288K, used 75648K [0x00000006eab00000, 0x00000006f0000000, 0x00000007c0000000)
  eden space 65536K, 99% used [0x00000006eab00000,0x00000006eea603b8,0x00000006eeb00000)
  from space 10752K, 99% used [0x00000006eeb00000,0x00000006ef57fee0,0x00000006ef580000)
  to   space 10752K, 0% used [0x00000006ef580000,0x00000006ef580000,0x00000006f0000000)
 ParOldGen       total 175104K, used 8384K [0x0000000540000000, 0x000000054ab00000, 0x00000006eab00000)
  object space 175104K, 4% used [0x0000000540000000,0x00000005408302a0,0x000000054ab00000)
 Metaspace       used 19422K, capacity 20484K, committed 20736K, reserved 1067008K
  class space    used 2810K, capacity 3032K, committed 3072K, reserved 1048576K
Event: 11.950 GC heap after
Heap after GC invocations=2 (full 0):
 PSYoungGen      total 76288K, used 10720K [0x00000006eab00000, 0x00000006f0000000, 0x00000007c0000000)
  eden space 65536K, 0% used [0x00000006eab00000,0x00000006eab00000,0x00000006eeb00000)
  from space 10752K, 99% used [0x00000006ef580000,0x00000006efff8060,0x00000006f0000000)
  to   space 10752K, 0% used [0x00000006eeb00000,0x00000006eeb00000,0x00000006ef580000)
 ParOldGen       total 175104K, used 20535K [0x0000000540000000, 0x000000054ab00000, 0x00000006eab00000)
  object space 175104K, 11% used [0x0000000540000000,0x000000054140de48,0x000000054ab00000)
 Metaspace       used 19422K, capacity 20484K, committed 20736K, reserved 1067008K
  class space    used 2810K, capacity 3032K, committed 3072K, reserved 1048576K
}
Event: 18.861 GC heap before
{Heap before GC invocations=3 (full 0):
 PSYoungGen      total 76288K, used 75441K [0x00000006eab00000, 0x00000006f0000000, 0x00000007c0000000)
  eden space 65536K, 98% used [0x00000006eab00000,0x00000006eea34400,0x00000006eeb00000)
  from space 10752K, 99% used [0x00000006ef580000,0x00000006efff8060,0x00000006f0000000)
  to   space 10752K, 0% used [0x00000006eeb00000,0x00000006eeb00000,0x00000006ef580000)
 ParOldGen       total 175104K, used 21559K [0x0000000540000000, 0x000000054ab00000, 0x00000006eab00000)
  object space 175104K, 12% used [0x0000000540000000,0x000000054150de58,0x000000054ab00000)
 Metaspace       used 19703K, capacity 20764K, committed 20992K, reserved 1067008K
  class space    used 2812K, capacity 3036K, committed 3072K, reserved 1048576K
Event: 18.868 GC heap after
Heap after GC invocations=3 (full 0):
 PSYoungGen      total 76288K, used 10362K [0x00000006eab00000, 0x00000006f0000000, 0x00000007c0000000)
  eden space 65536K, 0% used [0x00000006eab00000,0x00000006eab00000,0x00000006eeb00000)
  from space 10752K, 96% used [0x00000006eeb00000,0x00000006ef51e870,0x00000006ef580000)
  to   space 10752K, 0% used [0x00000006ef580000,0x00000006ef580000,0x00000006f0000000)
 ParOldGen       total 175104K, used 30567K [0x0000000540000000, 0x000000054ab00000, 0x00000006eab00000)
  object space 175104K, 17% used [0x0000000540000000,0x0000000541dd9e88,0x000000054ab00000)
 Metaspace       used 19703K, capacity 20764K, committed 20992K, reserved 1067008K
  class space    used 2812K, capacity 3036K, committed 3072K, reserved 1048576K
}

