# JRE version: Java(TM) SE Runtime Environment (8.0_102-b14) (build 1.8.0_102-b14)
# Java VM: Java HotSpot(TM) 64-Bit Server VM (25.102-b14 mixed mode bsd-amd64 compressed oops)
Heap:
 PSYoungGen      total 76288K, used 31208K [0x00000006eab00000, 0x00000006f0000000, 0x00000007c0000000)
  eden space 65536K, 37% used [0x00000006eab00000,0x00000006ec2e1030,0x00000006eeb00000)
  from space 10752K, 62% used [0x00000006eeb00000,0x00000006ef198fd0,0x00000006ef580000)
  to   space 10752K, 0% used [0x00000006ef580000,0x00000006ef580000,0x00000006f0000000)
 ParOldGen       total 175104K, used 58920K [0x0000000540000000, 0x000000054ab00000, 0x00000006eab00000)
  object space 175104K, 33% used [0x0000000540000000,0x000000054398a3a8,0x000000054ab00000)
 Metaspace       used 19402K, capacity 20444K, committed 20736K, reserved 1067008K
  class space    used 2765K, capacity 2982K, committed 3072K, reserved 1048576K
GC Heap History (6 events):
Event: 2.274 GC heap before
{Heap before GC invocations=1 (full 0):
 PSYoungGen      total 76288K, used 65536K [0x00000006eab00000, 0x00000006f0000000, 0x00000007c0000000)
  eden space 65536K, 100% used [0x00000006eab00000,0x00000006eeb00000,0x00000006eeb00000)
  from space 10752K, 0% used [0x00000006ef580000,0x00000006ef580000,0x00000006f0000000)
  to   space 10752K, 0% used [0x00000006eeb00000,0x00000006eeb00000,0x00000006ef580000)
 ParOldGen       total 175104K, used 0K [0x0000000540000000, 0x000000054ab00000, 0x00000006eab00000)
  object space 175104K, 0% used [0x0000000540000000,0x0000000540000000,0x000000054ab00000)
 Metaspace       used 17068K, capacity 18022K, committed 18176K, reserved 1064960K
  class space    used 2568K, capacity 2765K, committed 2816K, reserved 1048576K
Event: 2.284 GC heap after
Heap after GC invocations=1 (full 0):
 PSYoungGen      total 76288K, used 10746K [0x00000006eab00000, 0x00000006f0000000, 0x00000007c0000000)
  eden space 65536K, 0% used [0x00000006eab00000,0x00000006eab00000,0x00000006eeb00000)
  from space 10752K, 99% used [0x00000006eeb00000,0x00000006ef57e908,0x00000006ef580000)
  to   space 10752K, 0% used [0x00000006ef580000,0x00000006ef580000,0x00000006f0000000)
 ParOldGen       total 175104K, used 8365K [0x0000000540000000, 0x000000054ab00000, 0x00000006eab00000)
  object space 175104K, 4% used [0x0000000540000000,0x000000054082b710,0x000000054ab00000)
 Metaspace       used 17068K, capacity 18022K, committed 18176K, reserved 1064960K
  class space    used 2568K, capacity 2765K, committed 2816K, reserved 1048576K
}
Event: 9.913 GC heap before
{Heap before GC invocations=2 (full 0):
 PSYoungGen      total 76288K, used 76239K [0x00000006eab00000, 0x00000006f0000000, 0x00000007c0000000)
  eden space 65536K, 99% used [0x00000006eab00000,0x00000006eeaf53f0,0x00000006eeb00000)
  from space 10752K, 99% used [0x00000006eeb00000,0x00000006ef57e908,0x00000006ef580000)
  to   space 10752K, 0% used [0x00000006ef580000,0x00000006ef580000,0x00000006f0000000)
 ParOldGen       total 175104K, used 9389K [0x0000000540000000, 0x000000054ab00000, 0x00000006eab00000)
  object space 175104K, 5% used [0x0000000540000000,0x000000054092b720,0x000000054ab00000)
 Metaspace       used 18927K, capacity 19962K, committed 20224K, reserved 1067008K
  class space    used 2765K, capacity 2981K, committed 3072K, reserved 1048576K
Event: 9.934 GC heap after
Heap after GC invocations=2 (full 0):
 PSYoungGen      total 76288K, used 10739K [0x00000006eab00000, 0x00000006f0000000, 0x00000007c0000000)
  eden space 65536K, 0% used [0x00000006eab00000,0x00000006eab00000,0x00000006eeb00000)
  from space 10752K, 99% used [0x00000006ef580000,0x00000006efffcfe0,0x00000006f0000000)
  to   space 10752K, 0% used [0x00000006eeb00000,0x00000006eeb00000,0x00000006ef580000)
 ParOldGen       total 175104K, used 46622K [0x0000000540000000, 0x000000054ab00000, 0x00000006eab00000)
  object space 175104K, 26% used [0x0000000540000000,0x0000000542d87a40,0x000000054ab00000)
 Metaspace       used 18927K, capacity 19962K, committed 20224K, reserved 1067008K
  class space    used 2765K, capacity 2981K, committed 3072K, reserved 1048576K
}
Event: 13.064 GC heap before
{Heap before GC invocations=3 (full 0):
 PSYoungGen      total 76288K, used 76275K [0x00000006eab00000, 0x00000006f0000000, 0x00000007c0000000)
  eden space 65536K, 100% used [0x00000006eab00000,0x00000006eeb00000,0x00000006eeb00000)
  from space 10752K, 99% used [0x00000006ef580000,0x00000006efffcfe0,0x00000006f0000000)
  to   space 10752K, 0% used [0x00000006eeb00000,0x00000006eeb00000,0x00000006ef580000)
 ParOldGen       total 175104K, used 58912K [0x0000000540000000, 0x000000054ab00000, 0x00000006eab00000)
  object space 175104K, 33% used [0x0000000540000000,0x00000005439883a8,0x000000054ab00000)
 Metaspace       used 19264K, capacity 20296K, committed 20480K, reserved 1067008K
  class space    used 2765K, capacity 2982K, committed 3072K, reserved 1048576K
Event: 13.070 GC heap after
Heap after GC invocations=3 (full 0):
 PSYoungGen      total 76288K, used 6755K [0x00000006eab00000, 0x00000006f0000000, 0x00000007c0000000)
  eden space 65536K, 0% used [0x00000006eab00000,0x00000006eab00000,0x00000006eeb00000)
  from space 10752K, 62% used [0x00000006eeb00000,0x00000006ef198fd0,0x00000006ef580000)
  to   space 10752K, 0% used [0x00000006ef580000,0x00000006ef580000,0x00000006f0000000)
 ParOldGen       total 175104K, used 58920K [0x0000000540000000, 0x000000054ab00000, 0x00000006eab00000)
  object space 175104K, 33% used [0x0000000540000000,0x000000054398a3a8,0x000000054ab00000)
 Metaspace       used 19264K, capacity 20296K, committed 20480K, reserved 1067008K
  class space    used 2765K, capacity 2982K, committed 3072K, reserved 1048576K
}

